rm: 無法移除 ‘data/*.eps’: 沒有此一檔案或目錄
Calculating similartiy and preparing training sets...
Score kv331_phrase001_score.mid: 36 samples are selected for modeling.
Score kv331_phrase002_score.mid: 36 samples are selected for modeling.
Score kv331_phrase003_score.mid: 36 samples are selected for modeling.
Score kv331_phrase004_score.mid: 36 samples are selected for modeling.
Score kv331_phrase005_score.mid: 36 samples are selected for modeling.
Score mahler_phrase001_score.mid: 36 samples are selected for modeling.
DONE
Dataset:play...Analyzing Note Features...DONE
Dataset:sample...Analyzing Note Features...Analyzing Performances...DONE

===== Perform Score:kv331_phrase001_score.mid=====
Dataset:kv331_phrase001_score.mid.sim...Loading from existing analyze reaults...DONE
Modeling...
===Perfromance Feature No.1===
R2-statics: 0.3913
F-statics: 23.4881
p-value: 1.6235e-43
estimate of error var: 1.6235e-43
===Perfromance Feature No.2===
R2-statics: -Inf
F-statics: 36.5385
p-value: 3.1561e-63
estimate of error var: 3.1561e-63
===Perfromance Feature No.3===
R2-statics: 0.030505
F-statics: 1.1497
p-value: 0.31459
estimate of error var: 0.31459
DONE
Playing phrase...Dataset:kv331_phrase001_score.mid...Loading from existing analyze reaults...DONE
DONE
==================================================

===== Perform Score:kv331_phrase002_score.mid=====
Dataset:kv331_phrase002_score.mid.sim...Loading from existing analyze reaults...DONE
Modeling...
===Perfromance Feature No.1===
R2-statics: 0.3913
F-statics: 23.4881
p-value: 1.6235e-43
estimate of error var: 1.6235e-43
===Perfromance Feature No.2===
R2-statics: -Inf
F-statics: 36.5385
p-value: 3.1561e-63
estimate of error var: 3.1561e-63
===Perfromance Feature No.3===
R2-statics: 0.030505
F-statics: 1.1497
p-value: 0.31459
estimate of error var: 0.31459
DONE
Playing phrase...Dataset:kv331_phrase002_score.mid...Loading from existing analyze reaults...DONE
DONE
==================================================

===== Perform Score:kv331_phrase003_score.mid=====
Dataset:kv331_phrase003_score.mid.sim...Loading from existing analyze reaults...DONE
Modeling...
===Perfromance Feature No.1===
R2-statics: 0.3913
F-statics: 23.4881
p-value: 1.6235e-43
estimate of error var: 1.6235e-43
===Perfromance Feature No.2===
R2-statics: -Inf
F-statics: 36.5385
p-value: 3.1561e-63
estimate of error var: 3.1561e-63
===Perfromance Feature No.3===
R2-statics: 0.030505
F-statics: 1.1497
p-value: 0.31459
estimate of error var: 0.31459
DONE
Playing phrase...Dataset:kv331_phrase003_score.mid...Loading from existing analyze reaults...DONE
DONE
==================================================

===== Perform Score:kv331_phrase004_score.mid=====
Dataset:kv331_phrase004_score.mid.sim...Loading from existing analyze reaults...DONE
Modeling...
===Perfromance Feature No.1===
R2-statics: 0.3913
F-statics: 23.4881
p-value: 1.6235e-43
estimate of error var: 1.6235e-43
===Perfromance Feature No.2===
R2-statics: -Inf
F-statics: 36.5385
p-value: 3.1561e-63
estimate of error var: 3.1561e-63
===Perfromance Feature No.3===
R2-statics: 0.030505
F-statics: 1.1497
p-value: 0.31459
estimate of error var: 0.31459
DONE
Playing phrase...Dataset:kv331_phrase004_score.mid...Loading from existing analyze reaults...DONE
DONE
==================================================

===== Perform Score:kv331_phrase005_score.mid=====
Dataset:kv331_phrase005_score.mid.sim...Loading from existing analyze reaults...DONE
Modeling...
===Perfromance Feature No.1===
R2-statics: 0.3913
F-statics: 23.4881
p-value: 1.6235e-43
estimate of error var: 1.6235e-43
===Perfromance Feature No.2===
R2-statics: -Inf
F-statics: 36.5385
p-value: 3.1561e-63
estimate of error var: 3.1561e-63
===Perfromance Feature No.3===
R2-statics: 0.030505
F-statics: 1.1497
p-value: 0.31459
estimate of error var: 0.31459
DONE
Playing phrase...Dataset:kv331_phrase005_score.mid...Loading from existing analyze reaults...DONE
DONE
==================================================

===== Perform Score:mahler_phrase001_score.mid====
Dataset:mahler_phrase001_score.mid.sim...Loading from existing analyze reaults...DONE
Modeling...
===Perfromance Feature No.1===
R2-statics: 0.3913
F-statics: 23.4881
p-value: 1.6235e-43
estimate of error var: 1.6235e-43
===Perfromance Feature No.2===
R2-statics: -Inf
F-statics: 36.5385
p-value: 3.1561e-63
estimate of error var: 3.1561e-63
===Perfromance Feature No.3===
R2-statics: 0.030505
F-statics: 1.1497
p-value: 0.31459
estimate of error var: 0.31459
DONE
Playing phrase...Dataset:mahler_phrase001_score.mid...Loading from existing analyze reaults...DONE
DONE
==================================================

Log file name: ../out/2012_6_30_9_16_20.7531.log
